Determining if the pthread_create exist failed with the following output:
Change Dir: /home/rick/文档/PCL/kitti_plane/build/CMakeFiles/CMakeTmp

Run Build Command:"/usr/bin/make" "cmTC_1a24c/fast"
/usr/bin/make -f CMakeFiles/cmTC_1a24c.dir/build.make CMakeFiles/cmTC_1a24c.dir/build
make[1]: Entering directory '/home/rick/文档/PCL/kitti_plane/build/CMakeFiles/CMakeTmp'
Building C object CMakeFiles/cmTC_1a24c.dir/CheckSymbolExists.c.o
/usr/bin/cc    -o CMakeFiles/cmTC_1a24c.dir/CheckSymbolExists.c.o   -c /home/rick/文档/PCL/kitti_plane/build/CMakeFiles/CMakeTmp/CheckSymbolExists.c
Linking C executable cmTC_1a24c
/usr/local/bin/cmake -E cmake_link_script CMakeFiles/cmTC_1a24c.dir/link.txt --verbose=1
/usr/bin/cc      -rdynamic CMakeFiles/cmTC_1a24c.dir/CheckSymbolExists.c.o  -o cmTC_1a24c 
CMakeFiles/cmTC_1a24c.dir/CheckSymbolExists.c.o：在函数‘main’中：
CheckSymbolExists.c:(.text+0x16)：对‘pthread_create’未定义的引用
collect2: error: ld returned 1 exit status
CMakeFiles/cmTC_1a24c.dir/build.make:86: recipe for target 'cmTC_1a24c' failed
make[1]: *** [cmTC_1a24c] Error 1
make[1]: Leaving directory '/home/rick/文档/PCL/kitti_plane/build/CMakeFiles/CMakeTmp'
Makefile:121: recipe for target 'cmTC_1a24c/fast' failed
make: *** [cmTC_1a24c/fast] Error 2

File /home/rick/文档/PCL/kitti_plane/build/CMakeFiles/CMakeTmp/CheckSymbolExists.c:
/* */
#include <pthread.h>

int main(int argc, char** argv)
{
  (void)argv;
#ifndef pthread_create
  return ((int*)(&pthread_create))[argc];
#else
  (void)argc;
  return 0;
#endif
}

Determining if the function pthread_create exists in the pthreads failed with the following output:
Change Dir: /home/rick/文档/PCL/kitti_plane/build/CMakeFiles/CMakeTmp

Run Build Command:"/usr/bin/make" "cmTC_607b7/fast"
/usr/bin/make -f CMakeFiles/cmTC_607b7.dir/build.make CMakeFiles/cmTC_607b7.dir/build
make[1]: Entering directory '/home/rick/文档/PCL/kitti_plane/build/CMakeFiles/CMakeTmp'
Building C object CMakeFiles/cmTC_607b7.dir/CheckFunctionExists.c.o
/usr/bin/cc   -DCHECK_FUNCTION_EXISTS=pthread_create   -o CMakeFiles/cmTC_607b7.dir/CheckFunctionExists.c.o   -c /usr/local/share/cmake-3.13/Modules/CheckFunctionExists.c
Linking C executable cmTC_607b7
/usr/local/bin/cmake -E cmake_link_script CMakeFiles/cmTC_607b7.dir/link.txt --verbose=1
/usr/bin/cc  -DCHECK_FUNCTION_EXISTS=pthread_create    -rdynamic CMakeFiles/cmTC_607b7.dir/CheckFunctionExists.c.o  -o cmTC_607b7 -lpthreads 
/usr/bin/ld: 找不到 -lpthreads
collect2: error: ld returned 1 exit status
CMakeFiles/cmTC_607b7.dir/build.make:86: recipe for target 'cmTC_607b7' failed
make[1]: *** [cmTC_607b7] Error 1
make[1]: Leaving directory '/home/rick/文档/PCL/kitti_plane/build/CMakeFiles/CMakeTmp'
Makefile:121: recipe for target 'cmTC_607b7/fast' failed
make: *** [cmTC_607b7/fast] Error 2


